# Logfile created on 2014-04-06 05:35:34 +0900 by logger.rb/1.2.8
[0;97;49mStarted GET "/" at 2014-04-06 05:36:28 +0900[0m
Detecting locale EN
Found page "Home page" [index]
  Rendered liquid page template
[0;32;49mCompleted 200 OK in 2.0ms

[0m
[0;97;49mStarted GET "/admin" at 2014-04-06 05:36:41 +0900[0m
Detecting locale EN
[0;32;49mCompleted 404 Not Found in 2.3ms

[0m
* Reloaded "pages", "snippets" at 2014-04-06 06:08:13 +0900
* Reloaded "pages", "snippets" at 2014-04-06 06:08:16 +0900
* Reloaded "pages", "snippets" at 2014-04-06 06:08:33 +0900
[0;97;49mStarted GET "/" at 2014-04-06 06:20:45 +0900[0m
Detecting locale EN
Found page "Home page" [index]
  Rendered liquid page template
[0;32;49mCompleted 200 OK in 3.0ms

[0m
* Reloaded "pages", "snippets" at 2014-04-06 06:39:47 +0900
* Reloaded "pages", "snippets" at 2014-04-06 06:41:45 +0900
* Reloaded "pages", "snippets" at 2014-04-06 06:47:53 +0900
[0;97;49mStarted GET "/" at 2014-04-06 06:50:26 +0900[0m
Detecting locale EN
Found page "Home page" [index]
  Rendered liquid page template
[0;32;49mCompleted 200 OK in 1.8ms

[0m
[0;97;49mStarted GET "/top" at 2014-04-06 06:50:34 +0900[0m
Detecting locale EN
[0;32;49mCompleted 404 Not Found in 2.0ms

[0m
[0;97;49mStarted GET "/top" at 2014-04-06 06:51:47 +0900[0m
Detecting locale EN
[0;32;49mCompleted 404 Not Found in 1.6ms

[0m
* Reloaded "pages", "snippets" at 2014-04-06 07:54:02 +0900
[0;97;49mStarted GET "/" at 2014-04-06 07:54:06 +0900[0m
Detecting locale EN
Found page "Home page" [index]
  Rendered liquid page template
[0;32;49mCompleted 200 OK in 2.4ms

[0m
[0;97;49mStarted GET "/top" at 2014-04-06 07:54:10 +0900[0m
Detecting locale EN
Found page "Top" [top]
  Rendered liquid page template
[0;32;49mCompleted 200 OK in 1.4ms

[0m
[0;97;49mStarted GET "/static/css/bootstrap.min.css" at 2014-04-06 07:54:10 +0900[0m
Detecting locale EN
[0;32;49mCompleted 404 Not Found in 2.1ms

[0m
[0;97;49mStarted GET "/static/css/skitter.styles.min.css" at 2014-04-06 07:54:10 +0900[0m
Detecting locale EN
[0;32;49mCompleted 404 Not Found in 3.6ms

[0m
[0;97;49mStarted GET "/static/css/base.css" at 2014-04-06 07:54:10 +0900[0m
Detecting locale EN
[0;97;49mStarted GET "/static/js/jquery.easing.1.3.js" at 2014-04-06 07:54:10 +0900[0m
[0;32;49mCompleted 404 Not Found in 4.5ms

[0m
[0;97;49mStarted GET "/static/js/jquery.skitter.min.js" at 2014-04-06 07:54:10 +0900[0m
Detecting locale EN
Detecting locale EN
[0;97;49mStarted GET "/static/js/bootstrap.min.js" at 2014-04-06 07:54:10 +0900[0m
[0;32;49mCompleted 404 Not Found in 9.4ms

[0m
[0;32;49mCompleted 404 Not Found in 16.7ms

[0m
[0;97;49mStarted GET "/static/images/onworldrecordings_logo_small.png" at 2014-04-06 07:54:10 +0900[0m
Detecting locale EN
Detecting locale EN
[0;32;49mCompleted 404 Not Found in 14.7ms

[0m
[0;32;49mCompleted 404 Not Found in 8.8ms

[0m
[0;97;49mStarted GET "/static/images/onworldrecordings_banner_A.jpg" at 2014-04-06 07:54:10 +0900[0m
Detecting locale EN
[0;32;49mCompleted 404 Not Found in 37.5ms

[0m
[0;97;49mStarted GET "/static/images/onworldrecordings_banner_B.jpg" at 2014-04-06 07:54:10 +0900[0m
Detecting locale EN
[0;32;49mCompleted 404 Not Found in 2.5ms

[0m
[0;97;49mStarted GET "/static/images/onworldrecordings_banner_C.jpg" at 2014-04-06 07:54:10 +0900[0m
Detecting locale EN
[0;32;49mCompleted 404 Not Found in 3.1ms

[0m
* Reloaded "pages", "snippets" at 2014-04-06 07:54:37 +0900
* Reloaded "pages", "snippets" at 2014-04-06 07:55:12 +0900
[0;97;49mStarted GET "/top" at 2014-04-06 07:55:13 +0900[0m
Detecting locale EN
Found page "Top" [top]
  Rendered liquid page template
[0;32;49mCompleted 200 OK in 1.0ms

[0m
[0;97;49mStarted GET "/static/css/base.css" at 2014-04-06 07:55:13 +0900[0m
Detecting locale EN
[0;97;49mStarted GET "/static/css/skitter.styles.min.css" at 2014-04-06 07:55:13 +0900[0m
[0;32;49mCompleted 404 Not Found in 3.4ms

[0m
Detecting locale EN
[0;97;49mStarted GET "/static/js/jquery.easing.1.3.js" at 2014-04-06 07:55:13 +0900[0m
[0;32;49mCompleted 404 Not Found in 6.3ms

[0m
Detecting locale EN
[0;97;49mStarted GET "/static/js/jquery.skitter.min.js" at 2014-04-06 07:55:13 +0900[0m
[0;32;49mCompleted 404 Not Found in 18.6ms

[0m
[0;97;49mStarted GET "/static/js/bootstrap.min.js" at 2014-04-06 07:55:13 +0900[0m
Detecting locale EN
[0;97;49mStarted GET "/static/images/onworldrecordings_logo_small.png" at 2014-04-06 07:55:13 +0900[0m
Detecting locale EN
[0;32;49mCompleted 404 Not Found in 21.0ms

[0m
Detecting locale EN
[0;32;49mCompleted 404 Not Found in 7.9ms

[0m
[0;32;49mCompleted 404 Not Found in 12.0ms

[0m
[0;97;49mStarted GET "/static/images/onworldrecordings_banner_A.jpg" at 2014-04-06 07:55:13 +0900[0m
Detecting locale EN
[0;32;49mCompleted 404 Not Found in 2.7ms

[0m
[0;97;49mStarted GET "/static/images/onworldrecordings_banner_B.jpg" at 2014-04-06 07:55:13 +0900[0m
Detecting locale EN
[0;32;49mCompleted 404 Not Found in 3.1ms

[0m
[0;97;49mStarted GET "/static/images/onworldrecordings_banner_C.jpg" at 2014-04-06 07:55:14 +0900[0m
Detecting locale EN
[0;32;49mCompleted 404 Not Found in 2.4ms

[0m
[0;97;49mStarted GET "/static/images/onworldrecordings_logo_small.png" at 2014-04-06 07:55:14 +0900[0m
[0;97;49mStarted GET "/static/images/onworldrecordings_banner_A.jpg" at 2014-04-06 07:55:14 +0900[0m
Detecting locale EN
[0;97;49mStarted GET "/static/images/onworldrecordings_banner_B.jpg" at 2014-04-06 07:55:14 +0900[0m
[0;97;49mStarted GET "/static/images/onworldrecordings_banner_C.jpg" at 2014-04-06 07:55:14 +0900[0m
Detecting locale EN
[0;32;49mCompleted 404 Not Found in 4.6ms

[0m
Detecting locale EN
Detecting locale EN
[0;32;49mCompleted 404 Not Found in 38.7ms

[0m
[0;32;49mCompleted 404 Not Found in 40.7ms

[0m
[0;32;49mCompleted 404 Not Found in 44.4ms

[0m
* Reloaded "pages", "snippets" at 2014-04-06 07:55:21 +0900
* Reloaded "pages", "snippets" at 2014-04-06 07:57:58 +0900
[0;97;49mStarted GET "/top" at 2014-04-06 07:58:25 +0900[0m
Detecting locale EN
Found page "Top" [top]
  Rendered liquid page template
[0;32;49mCompleted 200 OK in 1.1ms

[0m
* Reloaded "pages", "snippets" at 2014-04-06 08:00:01 +0900
[0;97;49mStarted GET "/" at 2014-04-06 08:00:06 +0900[0m
Detecting locale EN
Found page "Index" [index]
  Rendered liquid page template
[0;32;49mCompleted 200 OK in 1.2ms

[0m
